[+] Containers:
 |- [+] Container: /Game/LevelPrototyping/White_Room
 |   |- [+] ActorDescs:
 |   |   |- Guid:105F92074C2B387F2A048D986CA2EE60 BaseClass: NativeClass:/Script/Engine.StaticMeshActor Name:StaticMeshActor_UAID_18C04D3810CB676A01_1455495236 Label:Cylinder2 SpatiallyLoaded:1 Bounds:IsValid=true, Min=(X=-4622.575 Y=-1973.819 Z=2023.333), Max=(X=-1733.169 Y=805.780 Z=2396.667) RuntimeGrid:None EditorOnly:0 RuntimeOnly:0 HLODRelevant:1
 |   |   |- Guid:1333BB1F42184768E381F2A61C037F8B BaseClass: NativeClass:/Script/Engine.StaticMeshActor Name:StaticMeshActor_UAID_18C04D3810CB676A01_1805251251 Label:Sphere6 SpatiallyLoaded:1 Bounds:IsValid=true, Min=(X=2390.000 Y=3190.000 Z=2230.000), Max=(X=2590.000 Y=3390.000 Z=2430.000) RuntimeGrid:None EditorOnly:0 RuntimeOnly:0 HLODRelevant:1
 |   |   |- Guid:179DD08F4CACE38BCB3124A218782BD2 BaseClass: NativeClass:/Script/Engine.StaticMeshActor Name:StaticMeshActor_UAID_18C04D3810CB676A01_1417872235 Label:Cube10 SpatiallyLoaded:1 Bounds:IsValid=true, Min=(X=-834.185 Y=3275.873 Z=2340.000), Max=(X=-265.815 Y=3764.127 Z=2440.000) RuntimeGrid:None EditorOnly:0 RuntimeOnly:0 HLODRelevant:1
 |   |   |- Guid:1982983548BAAC261D7F178B16BEF14C BaseClass: NativeClass:/Script/Engine.StaticMeshActor Name:StaticMeshActor_UAID_18C04D3810CB676A01_1333900229 Label:Cube5 SpatiallyLoaded:1 Bounds:IsValid=true, Min=(X=-90.000 Y=1275.000 Z=2340.000), Max=(X=610.000 Y=1325.000 Z=2440.000) RuntimeGrid:None EditorOnly:0 RuntimeOnly:0 HLODRelevant:1
 |   |   |- Guid:1A69945F4739A0E26D5276A0B468A09C BaseClass: NativeClass:/Script/Engine.StaticMeshActor Name:StaticMeshActor_UAID_18C04D3810CB676A01_1699026243 Label:Cylinder9 SpatiallyLoaded:1 Bounds:IsValid=true, Min=(X=300.000 Y=4960.000 Z=2270.000), Max=(X=600.000 Y=5260.000 Z=2570.000) RuntimeGrid:None EditorOnly:0 RuntimeOnly:0 HLODRelevant:1
 |   |   |- Guid:1FA940474DF541A486D171A1C9E0643A BaseClass: NativeClass:/Script/Engine.StaticMeshActor Name:StaticMeshActor_UAID_18C04D3810CB676A01_1800287250 Label:Sphere5 SpatiallyLoaded:1 Bounds:IsValid=true, Min=(X=3090.000 Y=3190.000 Z=2230.000), Max=(X=3290.000 Y=3390.000 Z=2430.000) RuntimeGrid:None EditorOnly:0 RuntimeOnly:0 HLODRelevant:1
 |   |   |- Guid:229D95E14187001AD98CC2AA6A26A885 BaseClass: NativeClass:/Script/Engine.StaticMeshActor Name:StaticMeshActor_UAID_18C04D3810CB676A01_1265449227 Label:Cube3 SpatiallyLoaded:1 Bounds:IsValid=true, Min=(X=-2354.904 Y=2755.096 Z=1540.000), Max=(X=-1945.096 Y=3164.904 Z=3540.000) RuntimeGrid:None EditorOnly:0 RuntimeOnly:0 HLODRelevant:1
 |   |   |- Guid:2B93CC0148018440EEE710B8046E6576 BaseClass: NativeClass:/Script/Engine.StaticMeshActor Name:StaticMeshActor_UAID_18C04D3810CB676A01_1686175240 Label:Cylinder6 SpatiallyLoaded:1 Bounds:IsValid=true, Min=(X=1310.000 Y=-2480.000 Z=2270.000), Max=(X=1610.000 Y=-2180.000 Z=2570.000) RuntimeGrid:None EditorOnly:0 RuntimeOnly:0 HLODRelevant:1
 |   |   |- Guid:2CD28C63442DEFB52F3CA584D69BA15A BaseClass: NativeClass:/Script/Engine.DirectionalLight Name:DirectionalLight_0 Label:DirectionalLight SpatiallyLoaded:0 Bounds:IsValid=true, Min=(X=-4398046511104.000 Y=-4398046511104.000 Z=-4398046511104.000), Max=(X=4398046511104.000 Y=4398046511104.000 Z=4398046511104.000) RuntimeGrid:None EditorOnly:0 RuntimeOnly:0 HLODRelevant:0 FolderPath:Lighting FolderGuid:963EC3EB4002CCE9759E2EBA541A873A
 |   |   |- Guid:2EF10F02421D429325169990711ECA15 BaseClass: NativeClass:/Script/Engine.StaticMeshActor Name:StaticMeshActor_UAID_18C04D3810CB676A01_1709314245 Label:Cylinder11 SpatiallyLoaded:1 Bounds:IsValid=true, Min=(X=-2180.000 Y=-2180.000 Z=2270.000), Max=(X=-1880.000 Y=-1880.000 Z=2570.000) RuntimeGrid:None EditorOnly:0 RuntimeOnly:0 HLODRelevant:1
 |   |   |- Guid:2F23BD7B40BC49BA4319AB8F89A91F8D BaseClass: NativeClass:/Script/Engine.StaticMeshActor Name:StaticMeshActor_UAID_18C04D3810CB676A01_1763348247 Label:Sphere2 SpatiallyLoaded:1 Bounds:IsValid=true, Min=(X=2620.000 Y=3050.000 Z=2190.000), Max=(X=3020.000 Y=3450.000 Z=2590.000) RuntimeGrid:None EditorOnly:0 RuntimeOnly:0 HLODRelevant:1
 |   |   |- Guid:30513C8241CFEED196E05BBF4132DB65 BaseClass: NativeClass:/Script/Engine.VolumetricCloud Name:VolumetricCloud_0 Label:VolumetricCloud SpatiallyLoaded:0 Bounds:IsValid=true, Min=(X=0.000 Y=0.000 Z=820.000), Max=(X=0.000 Y=0.000 Z=820.000) RuntimeGrid:None EditorOnly:0 RuntimeOnly:0 HLODRelevant:0 FolderPath:Lighting FolderGuid:963EC3EB4002CCE9759E2EBA541A873A
 |   |   |- Guid:3089D7394D2924A34CA748ADE7913A10 BaseClass: NativeClass:/Script/Engine.StaticMeshActor Name:StaticMeshActor_UAID_18C04D3810CB676A01_1387766233 Label:Cube9 SpatiallyLoaded:1 Bounds:IsValid=true, Min=(X=-2400.000 Y=1275.000 Z=2340.000), Max=(X=-1700.000 Y=1325.000 Z=2440.000) RuntimeGrid:None EditorOnly:0 RuntimeOnly:0 HLODRelevant:1
 |   |   |- Guid:356B509646D97E1CC2F5AFBC14807A32 BaseClass: NativeClass:/Script/Engine.StaticMeshActor Name:StaticMeshActor_UAID_18C04D3810CB666A01_2047711049 Label:Plane SpatiallyLoaded:1 Bounds:IsValid=true, Min=(X=-4750.000 Y=-2860.000 Z=2350.000), Max=(X=4250.000 Y=6140.000 Z=2350.000) RuntimeGrid:None EditorOnly:0 RuntimeOnly:0 HLODRelevant:1
 |   |   |- Guid:41F4CAD844034501933083B9FB81BA35 BaseClass: NativeClass:/Script/Engine.WorldDataLayers Name:WorldDataLayers Label:WorldDataLayers SpatiallyLoaded:0 Bounds:IsValid=true, Min=(X=0.000 Y=0.000 Z=0.000), Max=(X=0.000 Y=0.000 Z=0.000) RuntimeGrid:None EditorOnly:0 RuntimeOnly:0 HLODRelevant:0
 |   |   |- Guid:4354BE3C4634A25F201EBDB300CF2737 BaseClass: NativeClass:/Script/Engine.StaticMeshActor Name:StaticMeshActor_UAID_18C04D3810CB676A01_1381383232 Label:Cube8 SpatiallyLoaded:1 Bounds:IsValid=true, Min=(X=-1013.199 Y=2472.557 Z=2340.000), Max=(X=-726.801 Y=3147.443 Z=2440.000) RuntimeGrid:None EditorOnly:0 RuntimeOnly:0 HLODRelevant:1
 |   |   |- Guid:475799174D84D07A9D6EB8B44526DB33 BaseClass: NativeClass:/Script/Engine.StaticMeshActor Name:StaticMeshActor_UAID_A4AE111137DC5EFB00_1110535423 Label:SM_SkySphere SpatiallyLoaded:0 Bounds:IsValid=true, Min=(X=-1638400.000 Y=-1638400.000 Z=-1638400.000), Max=(X=1638400.000 Y=1638400.000 Z=1638400.000) RuntimeGrid:None EditorOnly:0 RuntimeOnly:0 HLODRelevant:1 FolderPath:Lighting FolderGuid:963EC3EB4002CCE9759E2EBA541A873A
 |   |   |- Guid:4840206848DABACF8A8F4ABE82ACE347 BaseClass: NativeClass:/Script/Engine.StaticMeshActor Name:StaticMeshActor_UAID_18C04D3810CB676A01_1222834226 Label:Cube2 SpatiallyLoaded:1 Bounds:IsValid=true, Min=(X=-718.109 Y=2071.891 Z=2210.000), Max=(X=238.109 Y=3028.109 Z=2910.000) RuntimeGrid:None EditorOnly:0 RuntimeOnly:0 HLODRelevant:1
 |   |   |- Guid:485AF2C142C9250B4C30078F5FA0FABD BaseClass: NativeClass:/Script/Engine.StaticMeshActor Name:StaticMeshActor_UAID_18C04D3810CB676A01_1704609244 Label:Cylinder10 SpatiallyLoaded:1 Bounds:IsValid=true, Min=(X=-2180.000 Y=3890.000 Z=2270.000), Max=(X=-1880.000 Y=4190.000 Z=2570.000) RuntimeGrid:None EditorOnly:0 RuntimeOnly:0 HLODRelevant:1
 |   |   |- Guid:499BE8AF46007EDCE890B0AB8F5EB2D0 BaseClass: NativeClass:/Script/Engine.StaticMeshActor Name:StaticMeshActor_UAID_18C04D3810CB676A01_1691661242 Label:Cylinder8 SpatiallyLoaded:1 Bounds:IsValid=true, Min=(X=3170.000 Y=4050.000 Z=2270.000), Max=(X=3470.000 Y=4350.000 Z=2570.000) RuntimeGrid:None EditorOnly:0 RuntimeOnly:0 HLODRelevant:1
 |   |   |- Guid:49A41D82422AE9C1A651F2B70A36272A BaseClass: NativeClass:/Script/Engine.StaticMeshActor Name:StaticMeshActor_UAID_18C04D3810CB676A01_1378493231 Label:Cube7 SpatiallyLoaded:1 Bounds:IsValid=true, Min=(X=-1630.000 Y=1275.000 Z=2340.000), Max=(X=-930.000 Y=1325.000 Z=2440.000) RuntimeGrid:None EditorOnly:0 RuntimeOnly:0 HLODRelevant:1
 |   |   |- Guid:4C5DD2D9467A9CFEC08B1D98D6EB2A1B BaseClass: NativeClass:/Script/Engine.SkyAtmosphere Name:SkyAtmosphere_0 Label:SkyAtmosphere SpatiallyLoaded:0 Bounds:IsValid=true, Min=(X=0.000 Y=0.000 Z=1020.000), Max=(X=0.000 Y=0.000 Z=1020.000) RuntimeGrid:None EditorOnly:0 RuntimeOnly:0 HLODRelevant:0 FolderPath:Lighting FolderGuid:963EC3EB4002CCE9759E2EBA541A873A
 |   |   |- Guid:7D77F23645B8D588126D40887C51E4D8 BaseClass: NativeClass:/Script/Engine.ExponentialHeightFog Name:ExponentialHeightFog_0 Label:ExponentialHeightFog SpatiallyLoaded:0 Bounds:IsValid=true, Min=(X=-5600.000 Y=-50.000 Z=-6850.000), Max=(X=-5600.000 Y=-50.000 Z=-6850.000) RuntimeGrid:None EditorOnly:0 RuntimeOnly:0 HLODRelevant:0 FolderPath:Lighting FolderGuid:963EC3EB4002CCE9759E2EBA541A873A
 |   |   |- Guid:811A96964AE6E99AC4A2819DAADD2432 BaseClass: NativeClass:/Script/Engine.StaticMeshActor Name:StaticMeshActor_UAID_18C04D3810CB676A01_1653351239 Label:Cylinder5 SpatiallyLoaded:1 Bounds:IsValid=true, Min=(X=2370.000 Y=-620.000 Z=2270.000), Max=(X=2670.000 Y=-320.000 Z=2570.000) RuntimeGrid:None EditorOnly:0 RuntimeOnly:0 HLODRelevant:1
 |   |   |- Guid:8239B6EA4DB1931FD8E863B2E6F833B1 BaseClass: NativeClass:/Script/Engine.SkyLight Name:SkyLight_1 Label:SkyLight SpatiallyLoaded:0 Bounds:IsValid=true, Min=(X=0.000 Y=0.000 Z=690.000), Max=(X=0.000 Y=0.000 Z=690.000) RuntimeGrid:None EditorOnly:0 RuntimeOnly:0 HLODRelevant:0 FolderPath:Lighting FolderGuid:963EC3EB4002CCE9759E2EBA541A873A
 |   |   |- Guid:885758374B375A00B7920D8F98D4299D BaseClass: NativeClass:/Script/Engine.PlayerStart Name:PlayerStart_0 Label:PlayerStart SpatiallyLoaded:0 Bounds:IsValid=true, Min=(X=860.000 Y=1070.000 Z=2540.013), Max=(X=940.000 Y=1150.000 Z=2724.013) RuntimeGrid:None EditorOnly:0 RuntimeOnly:0 HLODRelevant:0
 |   |   |- Guid:A0374B9E4CAFD201C8689DA47C498273 BaseClass: NativeClass:/Script/Engine.StaticMeshActor Name:StaticMeshActor_UAID_18C04D3810CB676A01_1530681237 Label:Cylinder3 SpatiallyLoaded:1 Bounds:IsValid=true, Min=(X=-5322.575 Y=-323.819 Z=2023.333), Max=(X=-2433.169 Y=2455.780 Z=2396.667) RuntimeGrid:None EditorOnly:0 RuntimeOnly:0 HLODRelevant:1
 |   |   |- Guid:ABCF48A74D0C2412649846A3556A6849 BaseClass: NativeClass:/Script/Engine.StaticMeshActor Name:StaticMeshActor_UAID_18C04D3810CB676A01_1689236241 Label:Cylinder7 SpatiallyLoaded:1 Bounds:IsValid=true, Min=(X=3170.000 Y=-2480.000 Z=2270.000), Max=(X=3470.000 Y=-2180.000 Z=2570.000) RuntimeGrid:None EditorOnly:0 RuntimeOnly:0 HLODRelevant:1
 |   |   |- Guid:AC2E56BF421B58699E3E5ABBA3D7655A BaseClass: NativeClass:/Script/Engine.StaticMeshActor Name:StaticMeshActor_UAID_18C04D3810CB676A01_1322524228 Label:Cube4 SpatiallyLoaded:1 Bounds:IsValid=true, Min=(X=-558.109 Y=-1448.109 Z=2210.000), Max=(X=398.109 Y=-491.891 Z=2910.000) RuntimeGrid:None EditorOnly:0 RuntimeOnly:0 HLODRelevant:1
 |   |   |- Guid:B0FCED7E44C9DAA6D5AFE4B868F8CE3E BaseClass: NativeClass:/Script/Engine.StaticMeshActor Name:StaticMeshActor_UAID_18C04D3810CB676A01_1765727248 Label:Sphere3 SpatiallyLoaded:1 Bounds:IsValid=true, Min=(X=3040.000 Y=2680.000 Z=2190.000), Max=(X=3440.000 Y=3080.000 Z=2590.000) RuntimeGrid:None EditorOnly:0 RuntimeOnly:0 HLODRelevant:1
 |   |   |- Guid:B302359845546E087418B893A5BC7F93 BaseClass: NativeClass:/Script/Engine.StaticMeshActor Name:StaticMeshActor_UAID_18C04D3810CB676A01_1541781238 Label:Cylinder4 SpatiallyLoaded:1 Bounds:IsValid=true, Min=(X=-5322.575 Y=1356.181 Z=2023.333), Max=(X=-2433.169 Y=4135.780 Z=2396.667) RuntimeGrid:None EditorOnly:0 RuntimeOnly:0 HLODRelevant:1
 |   |   |- Guid:B48E789540DCE218B14C7FAAD30704E1 BaseClass: NativeClass:/Script/Engine.StaticMeshActor Name:StaticMeshActor_UAID_18C04D3810CB676A01_1375090230 Label:Cube6 SpatiallyLoaded:1 Bounds:IsValid=true, Min=(X=-830.000 Y=1275.000 Z=2340.000), Max=(X=-130.000 Y=1325.000 Z=2440.000) RuntimeGrid:None EditorOnly:0 RuntimeOnly:0 HLODRelevant:1
 |   |   |- Guid:B51FAB134D8D6B84873955A290FF5EAC BaseClass: NativeClass:/Script/Engine.StaticMeshActor Name:StaticMeshActor_UAID_18C04D3810CB676A01_1787435249 Label:Sphere4 SpatiallyLoaded:1 Bounds:IsValid=true, Min=(X=2670.000 Y=2980.000 Z=2230.000), Max=(X=2870.000 Y=3180.000 Z=2430.000) RuntimeGrid:None EditorOnly:0 RuntimeOnly:0 HLODRelevant:1
 |   |   |- Guid:C89EFFE6499DBA97E3F698BB53D06F12 BaseClass: NativeClass:/Script/Engine.PostProcessVolume Name:PostProcessVolume_0 Label:PostProcessVolume SpatiallyLoaded:0 Bounds:IsValid=true, Min=(X=0.000 Y=0.000 Z=400.000), Max=(X=200.000 Y=200.000 Z=600.000) RuntimeGrid:None EditorOnly:0 RuntimeOnly:0 HLODRelevant:0 FolderPath:Lighting FolderGuid:963EC3EB4002CCE9759E2EBA541A873A
 |   |   |- Guid:C9040E8949EC7A1E5ED716942332A84F BaseClass: NativeClass:/Script/Engine.StaticMeshActor Name:StaticMeshActor_UAID_18C04D3810CB666A01_1967362047 Label:Cylinder SpatiallyLoaded:1 Bounds:IsValid=true, Min=(X=1421.856 Y=1160.612 Z=2023.333), Max=(X=3662.400 Y=3291.349 Z=2396.667) RuntimeGrid:None EditorOnly:0 RuntimeOnly:0 HLODRelevant:1
 |   |   |- Guid:E744BB734F76FC75114ABC9DFC91212B BaseClass: NativeClass:/Script/Engine.StaticMeshActor Name:StaticMeshActor_UAID_18C04D3810CB676A01_1741024246 Label:Sphere SpatiallyLoaded:1 Bounds:IsValid=true, Min=(X=2220.000 Y=2880.000 Z=2190.000), Max=(X=2620.000 Y=3280.000 Z=2590.000) RuntimeGrid:None EditorOnly:0 RuntimeOnly:0 HLODRelevant:1
 |   |   |- Guid:FAC613DB4B28B3BD042051BDCF03049A BaseClass: NativeClass:/Script/Engine.StaticMeshActor Name:StaticMeshActor_UAID_18C04D3810CB676A01_1888344254 Label:Cone3 SpatiallyLoaded:1 Bounds:IsValid=true, Min=(X=-2384.534 Y=2390.118 Z=3010.000), Max=(X=-1655.466 Y=3069.882 Z=3710.000) RuntimeGrid:None EditorOnly:0 RuntimeOnly:0 HLODRelevant:1
 |   |   |- Guid:FC58C34D42199DAE96068A81BBC1CF98 BaseClass: NativeClass:/Script/Engine.StaticMeshActor Name:StaticMeshActor_UAID_18C04D3810CB666A01_2036670048 Label:Cube SpatiallyLoaded:1 Bounds:IsValid=true, Min=(X=1363.141 Y=2109.223 Z=2292.500), Max=(X=2056.859 Y=2610.777 Z=2467.500) RuntimeGrid:None EditorOnly:0 RuntimeOnly:0 HLODRelevant:1
 |   |- [+] Clusters:
 |   |   |- [+] [  0]
 |   |   |   |- Guid:A0374B9E4CAFD201C8689DA47C498273 BaseClass: NativeClass:/Script/Engine.StaticMeshActor Name:StaticMeshActor_UAID_18C04D3810CB676A01_1530681237 Label:Cylinder3 SpatiallyLoaded:1 Bounds:IsValid=true, Min=(X=-5322.575 Y=-323.819 Z=2023.333), Max=(X=-2433.169 Y=2455.780 Z=2396.667) RuntimeGrid:None EditorOnly:0 RuntimeOnly:0 HLODRelevant:1
 |   |   |- [+] [  1]
 |   |   |   |- Guid:30513C8241CFEED196E05BBF4132DB65 BaseClass: NativeClass:/Script/Engine.VolumetricCloud Name:VolumetricCloud_0 Label:VolumetricCloud SpatiallyLoaded:0 Bounds:IsValid=true, Min=(X=0.000 Y=0.000 Z=820.000), Max=(X=0.000 Y=0.000 Z=820.000) RuntimeGrid:None EditorOnly:0 RuntimeOnly:0 HLODRelevant:0 FolderPath:Lighting FolderGuid:963EC3EB4002CCE9759E2EBA541A873A
 |   |   |- [+] [  2]
 |   |   |   |- Guid:C9040E8949EC7A1E5ED716942332A84F BaseClass: NativeClass:/Script/Engine.StaticMeshActor Name:StaticMeshActor_UAID_18C04D3810CB666A01_1967362047 Label:Cylinder SpatiallyLoaded:1 Bounds:IsValid=true, Min=(X=1421.856 Y=1160.612 Z=2023.333), Max=(X=3662.400 Y=3291.349 Z=2396.667) RuntimeGrid:None EditorOnly:0 RuntimeOnly:0 HLODRelevant:1
 |   |   |- [+] [  3]
 |   |   |   |- Guid:B0FCED7E44C9DAA6D5AFE4B868F8CE3E BaseClass: NativeClass:/Script/Engine.StaticMeshActor Name:StaticMeshActor_UAID_18C04D3810CB676A01_1765727248 Label:Sphere3 SpatiallyLoaded:1 Bounds:IsValid=true, Min=(X=3040.000 Y=2680.000 Z=2190.000), Max=(X=3440.000 Y=3080.000 Z=2590.000) RuntimeGrid:None EditorOnly:0 RuntimeOnly:0 HLODRelevant:1
 |   |   |- [+] [  4]
 |   |   |   |- Guid:B51FAB134D8D6B84873955A290FF5EAC BaseClass: NativeClass:/Script/Engine.StaticMeshActor Name:StaticMeshActor_UAID_18C04D3810CB676A01_1787435249 Label:Sphere4 SpatiallyLoaded:1 Bounds:IsValid=true, Min=(X=2670.000 Y=2980.000 Z=2230.000), Max=(X=2870.000 Y=3180.000 Z=2430.000) RuntimeGrid:None EditorOnly:0 RuntimeOnly:0 HLODRelevant:1
 |   |   |- [+] [  5]
 |   |   |   |- Guid:2B93CC0148018440EEE710B8046E6576 BaseClass: NativeClass:/Script/Engine.StaticMeshActor Name:StaticMeshActor_UAID_18C04D3810CB676A01_1686175240 Label:Cylinder6 SpatiallyLoaded:1 Bounds:IsValid=true, Min=(X=1310.000 Y=-2480.000 Z=2270.000), Max=(X=1610.000 Y=-2180.000 Z=2570.000) RuntimeGrid:None EditorOnly:0 RuntimeOnly:0 HLODRelevant:1
 |   |   |- [+] [  6]
 |   |   |   |- Guid:8239B6EA4DB1931FD8E863B2E6F833B1 BaseClass: NativeClass:/Script/Engine.SkyLight Name:SkyLight_1 Label:SkyLight SpatiallyLoaded:0 Bounds:IsValid=true, Min=(X=0.000 Y=0.000 Z=690.000), Max=(X=0.000 Y=0.000 Z=690.000) RuntimeGrid:None EditorOnly:0 RuntimeOnly:0 HLODRelevant:0 FolderPath:Lighting FolderGuid:963EC3EB4002CCE9759E2EBA541A873A
 |   |   |- [+] [  7]
 |   |   |   |- Guid:C89EFFE6499DBA97E3F698BB53D06F12 BaseClass: NativeClass:/Script/Engine.PostProcessVolume Name:PostProcessVolume_0 Label:PostProcessVolume SpatiallyLoaded:0 Bounds:IsValid=true, Min=(X=0.000 Y=0.000 Z=400.000), Max=(X=200.000 Y=200.000 Z=600.000) RuntimeGrid:None EditorOnly:0 RuntimeOnly:0 HLODRelevant:0 FolderPath:Lighting FolderGuid:963EC3EB4002CCE9759E2EBA541A873A
 |   |   |- [+] [  8]
 |   |   |   |- Guid:179DD08F4CACE38BCB3124A218782BD2 BaseClass: NativeClass:/Script/Engine.StaticMeshActor Name:StaticMeshActor_UAID_18C04D3810CB676A01_1417872235 Label:Cube10 SpatiallyLoaded:1 Bounds:IsValid=true, Min=(X=-834.185 Y=3275.873 Z=2340.000), Max=(X=-265.815 Y=3764.127 Z=2440.000) RuntimeGrid:None EditorOnly:0 RuntimeOnly:0 HLODRelevant:1
 |   |   |- [+] [  9]
 |   |   |   |- Guid:811A96964AE6E99AC4A2819DAADD2432 BaseClass: NativeClass:/Script/Engine.StaticMeshActor Name:StaticMeshActor_UAID_18C04D3810CB676A01_1653351239 Label:Cylinder5 SpatiallyLoaded:1 Bounds:IsValid=true, Min=(X=2370.000 Y=-620.000 Z=2270.000), Max=(X=2670.000 Y=-320.000 Z=2570.000) RuntimeGrid:None EditorOnly:0 RuntimeOnly:0 HLODRelevant:1
 |   |   |- [+] [ 10]
 |   |   |   |- Guid:885758374B375A00B7920D8F98D4299D BaseClass: NativeClass:/Script/Engine.PlayerStart Name:PlayerStart_0 Label:PlayerStart SpatiallyLoaded:0 Bounds:IsValid=true, Min=(X=860.000 Y=1070.000 Z=2540.013), Max=(X=940.000 Y=1150.000 Z=2724.013) RuntimeGrid:None EditorOnly:0 RuntimeOnly:0 HLODRelevant:0
 |   |   |- [+] [ 11]
 |   |   |   |- Guid:ABCF48A74D0C2412649846A3556A6849 BaseClass: NativeClass:/Script/Engine.StaticMeshActor Name:StaticMeshActor_UAID_18C04D3810CB676A01_1689236241 Label:Cylinder7 SpatiallyLoaded:1 Bounds:IsValid=true, Min=(X=3170.000 Y=-2480.000 Z=2270.000), Max=(X=3470.000 Y=-2180.000 Z=2570.000) RuntimeGrid:None EditorOnly:0 RuntimeOnly:0 HLODRelevant:1
 |   |   |- [+] [ 12]
 |   |   |   |- Guid:499BE8AF46007EDCE890B0AB8F5EB2D0 BaseClass: NativeClass:/Script/Engine.StaticMeshActor Name:StaticMeshActor_UAID_18C04D3810CB676A01_1691661242 Label:Cylinder8 SpatiallyLoaded:1 Bounds:IsValid=true, Min=(X=3170.000 Y=4050.000 Z=2270.000), Max=(X=3470.000 Y=4350.000 Z=2570.000) RuntimeGrid:None EditorOnly:0 RuntimeOnly:0 HLODRelevant:1
 |   |   |- [+] [ 13]
 |   |   |   |- Guid:41F4CAD844034501933083B9FB81BA35 BaseClass: NativeClass:/Script/Engine.WorldDataLayers Name:WorldDataLayers Label:WorldDataLayers SpatiallyLoaded:0 Bounds:IsValid=true, Min=(X=0.000 Y=0.000 Z=0.000), Max=(X=0.000 Y=0.000 Z=0.000) RuntimeGrid:None EditorOnly:0 RuntimeOnly:0 HLODRelevant:0
 |   |   |- [+] [ 14]
 |   |   |   |- Guid:E744BB734F76FC75114ABC9DFC91212B BaseClass: NativeClass:/Script/Engine.StaticMeshActor Name:StaticMeshActor_UAID_18C04D3810CB676A01_1741024246 Label:Sphere SpatiallyLoaded:1 Bounds:IsValid=true, Min=(X=2220.000 Y=2880.000 Z=2190.000), Max=(X=2620.000 Y=3280.000 Z=2590.000) RuntimeGrid:None EditorOnly:0 RuntimeOnly:0 HLODRelevant:1
 |   |   |- [+] [ 15]
 |   |   |   |- Guid:229D95E14187001AD98CC2AA6A26A885 BaseClass: NativeClass:/Script/Engine.StaticMeshActor Name:StaticMeshActor_UAID_18C04D3810CB676A01_1265449227 Label:Cube3 SpatiallyLoaded:1 Bounds:IsValid=true, Min=(X=-2354.904 Y=2755.096 Z=1540.000), Max=(X=-1945.096 Y=3164.904 Z=3540.000) RuntimeGrid:None EditorOnly:0 RuntimeOnly:0 HLODRelevant:1
 |   |   |- [+] [ 16]
 |   |   |   |- Guid:3089D7394D2924A34CA748ADE7913A10 BaseClass: NativeClass:/Script/Engine.StaticMeshActor Name:StaticMeshActor_UAID_18C04D3810CB676A01_1387766233 Label:Cube9 SpatiallyLoaded:1 Bounds:IsValid=true, Min=(X=-2400.000 Y=1275.000 Z=2340.000), Max=(X=-1700.000 Y=1325.000 Z=2440.000) RuntimeGrid:None EditorOnly:0 RuntimeOnly:0 HLODRelevant:1
 |   |   |- [+] [ 17]
 |   |   |   |- Guid:2CD28C63442DEFB52F3CA584D69BA15A BaseClass: NativeClass:/Script/Engine.DirectionalLight Name:DirectionalLight_0 Label:DirectionalLight SpatiallyLoaded:0 Bounds:IsValid=true, Min=(X=-4398046511104.000 Y=-4398046511104.000 Z=-4398046511104.000), Max=(X=4398046511104.000 Y=4398046511104.000 Z=4398046511104.000) RuntimeGrid:None EditorOnly:0 RuntimeOnly:0 HLODRelevant:0 FolderPath:Lighting FolderGuid:963EC3EB4002CCE9759E2EBA541A873A
 |   |   |- [+] [ 18]
 |   |   |   |- Guid:1982983548BAAC261D7F178B16BEF14C BaseClass: NativeClass:/Script/Engine.StaticMeshActor Name:StaticMeshActor_UAID_18C04D3810CB676A01_1333900229 Label:Cube5 SpatiallyLoaded:1 Bounds:IsValid=true, Min=(X=-90.000 Y=1275.000 Z=2340.000), Max=(X=610.000 Y=1325.000 Z=2440.000) RuntimeGrid:None EditorOnly:0 RuntimeOnly:0 HLODRelevant:1
 |   |   |- [+] [ 19]
 |   |   |   |- Guid:4C5DD2D9467A9CFEC08B1D98D6EB2A1B BaseClass: NativeClass:/Script/Engine.SkyAtmosphere Name:SkyAtmosphere_0 Label:SkyAtmosphere SpatiallyLoaded:0 Bounds:IsValid=true, Min=(X=0.000 Y=0.000 Z=1020.000), Max=(X=0.000 Y=0.000 Z=1020.000) RuntimeGrid:None EditorOnly:0 RuntimeOnly:0 HLODRelevant:0 FolderPath:Lighting FolderGuid:963EC3EB4002CCE9759E2EBA541A873A
 |   |   |- [+] [ 20]
 |   |   |   |- Guid:FAC613DB4B28B3BD042051BDCF03049A BaseClass: NativeClass:/Script/Engine.StaticMeshActor Name:StaticMeshActor_UAID_18C04D3810CB676A01_1888344254 Label:Cone3 SpatiallyLoaded:1 Bounds:IsValid=true, Min=(X=-2384.534 Y=2390.118 Z=3010.000), Max=(X=-1655.466 Y=3069.882 Z=3710.000) RuntimeGrid:None EditorOnly:0 RuntimeOnly:0 HLODRelevant:1
 |   |   |- [+] [ 21]
 |   |   |   |- Guid:2F23BD7B40BC49BA4319AB8F89A91F8D BaseClass: NativeClass:/Script/Engine.StaticMeshActor Name:StaticMeshActor_UAID_18C04D3810CB676A01_1763348247 Label:Sphere2 SpatiallyLoaded:1 Bounds:IsValid=true, Min=(X=2620.000 Y=3050.000 Z=2190.000), Max=(X=3020.000 Y=3450.000 Z=2590.000) RuntimeGrid:None EditorOnly:0 RuntimeOnly:0 HLODRelevant:1
 |   |   |- [+] [ 22]
 |   |   |   |- Guid:1FA940474DF541A486D171A1C9E0643A BaseClass: NativeClass:/Script/Engine.StaticMeshActor Name:StaticMeshActor_UAID_18C04D3810CB676A01_1800287250 Label:Sphere5 SpatiallyLoaded:1 Bounds:IsValid=true, Min=(X=3090.000 Y=3190.000 Z=2230.000), Max=(X=3290.000 Y=3390.000 Z=2430.000) RuntimeGrid:None EditorOnly:0 RuntimeOnly:0 HLODRelevant:1
 |   |   |- [+] [ 23]
 |   |   |   |- Guid:AC2E56BF421B58699E3E5ABBA3D7655A BaseClass: NativeClass:/Script/Engine.StaticMeshActor Name:StaticMeshActor_UAID_18C04D3810CB676A01_1322524228 Label:Cube4 SpatiallyLoaded:1 Bounds:IsValid=true, Min=(X=-558.109 Y=-1448.109 Z=2210.000), Max=(X=398.109 Y=-491.891 Z=2910.000) RuntimeGrid:None EditorOnly:0 RuntimeOnly:0 HLODRelevant:1
 |   |   |- [+] [ 24]
 |   |   |   |- Guid:B48E789540DCE218B14C7FAAD30704E1 BaseClass: NativeClass:/Script/Engine.StaticMeshActor Name:StaticMeshActor_UAID_18C04D3810CB676A01_1375090230 Label:Cube6 SpatiallyLoaded:1 Bounds:IsValid=true, Min=(X=-830.000 Y=1275.000 Z=2340.000), Max=(X=-130.000 Y=1325.000 Z=2440.000) RuntimeGrid:None EditorOnly:0 RuntimeOnly:0 HLODRelevant:1
 |   |   |- [+] [ 25]
 |   |   |   |- Guid:1333BB1F42184768E381F2A61C037F8B BaseClass: NativeClass:/Script/Engine.StaticMeshActor Name:StaticMeshActor_UAID_18C04D3810CB676A01_1805251251 Label:Sphere6 SpatiallyLoaded:1 Bounds:IsValid=true, Min=(X=2390.000 Y=3190.000 Z=2230.000), Max=(X=2590.000 Y=3390.000 Z=2430.000) RuntimeGrid:None EditorOnly:0 RuntimeOnly:0 HLODRelevant:1
 |   |   |- [+] [ 26]
 |   |   |   |- Guid:105F92074C2B387F2A048D986CA2EE60 BaseClass: NativeClass:/Script/Engine.StaticMeshActor Name:StaticMeshActor_UAID_18C04D3810CB676A01_1455495236 Label:Cylinder2 SpatiallyLoaded:1 Bounds:IsValid=true, Min=(X=-4622.575 Y=-1973.819 Z=2023.333), Max=(X=-1733.169 Y=805.780 Z=2396.667) RuntimeGrid:None EditorOnly:0 RuntimeOnly:0 HLODRelevant:1
 |   |   |- [+] [ 27]
 |   |   |   |- Guid:485AF2C142C9250B4C30078F5FA0FABD BaseClass: NativeClass:/Script/Engine.StaticMeshActor Name:StaticMeshActor_UAID_18C04D3810CB676A01_1704609244 Label:Cylinder10 SpatiallyLoaded:1 Bounds:IsValid=true, Min=(X=-2180.000 Y=3890.000 Z=2270.000), Max=(X=-1880.000 Y=4190.000 Z=2570.000) RuntimeGrid:None EditorOnly:0 RuntimeOnly:0 HLODRelevant:1
 |   |   |- [+] [ 28]
 |   |   |   |- Guid:356B509646D97E1CC2F5AFBC14807A32 BaseClass: NativeClass:/Script/Engine.StaticMeshActor Name:StaticMeshActor_UAID_18C04D3810CB666A01_2047711049 Label:Plane SpatiallyLoaded:1 Bounds:IsValid=true, Min=(X=-4750.000 Y=-2860.000 Z=2350.000), Max=(X=4250.000 Y=6140.000 Z=2350.000) RuntimeGrid:None EditorOnly:0 RuntimeOnly:0 HLODRelevant:1
 |   |   |- [+] [ 29]
 |   |   |   |- Guid:7D77F23645B8D588126D40887C51E4D8 BaseClass: NativeClass:/Script/Engine.ExponentialHeightFog Name:ExponentialHeightFog_0 Label:ExponentialHeightFog SpatiallyLoaded:0 Bounds:IsValid=true, Min=(X=-5600.000 Y=-50.000 Z=-6850.000), Max=(X=-5600.000 Y=-50.000 Z=-6850.000) RuntimeGrid:None EditorOnly:0 RuntimeOnly:0 HLODRelevant:0 FolderPath:Lighting FolderGuid:963EC3EB4002CCE9759E2EBA541A873A
 |   |   |- [+] [ 30]
 |   |   |   |- Guid:FC58C34D42199DAE96068A81BBC1CF98 BaseClass: NativeClass:/Script/Engine.StaticMeshActor Name:StaticMeshActor_UAID_18C04D3810CB666A01_2036670048 Label:Cube SpatiallyLoaded:1 Bounds:IsValid=true, Min=(X=1363.141 Y=2109.223 Z=2292.500), Max=(X=2056.859 Y=2610.777 Z=2467.500) RuntimeGrid:None EditorOnly:0 RuntimeOnly:0 HLODRelevant:1
 |   |   |- [+] [ 31]
 |   |   |   |- Guid:49A41D82422AE9C1A651F2B70A36272A BaseClass: NativeClass:/Script/Engine.StaticMeshActor Name:StaticMeshActor_UAID_18C04D3810CB676A01_1378493231 Label:Cube7 SpatiallyLoaded:1 Bounds:IsValid=true, Min=(X=-1630.000 Y=1275.000 Z=2340.000), Max=(X=-930.000 Y=1325.000 Z=2440.000) RuntimeGrid:None EditorOnly:0 RuntimeOnly:0 HLODRelevant:1
 |   |   |- [+] [ 32]
 |   |   |   |- Guid:475799174D84D07A9D6EB8B44526DB33 BaseClass: NativeClass:/Script/Engine.StaticMeshActor Name:StaticMeshActor_UAID_A4AE111137DC5EFB00_1110535423 Label:SM_SkySphere SpatiallyLoaded:0 Bounds:IsValid=true, Min=(X=-1638400.000 Y=-1638400.000 Z=-1638400.000), Max=(X=1638400.000 Y=1638400.000 Z=1638400.000) RuntimeGrid:None EditorOnly:0 RuntimeOnly:0 HLODRelevant:1 FolderPath:Lighting FolderGuid:963EC3EB4002CCE9759E2EBA541A873A
 |   |   |- [+] [ 33]
 |   |   |   |- Guid:4840206848DABACF8A8F4ABE82ACE347 BaseClass: NativeClass:/Script/Engine.StaticMeshActor Name:StaticMeshActor_UAID_18C04D3810CB676A01_1222834226 Label:Cube2 SpatiallyLoaded:1 Bounds:IsValid=true, Min=(X=-718.109 Y=2071.891 Z=2210.000), Max=(X=238.109 Y=3028.109 Z=2910.000) RuntimeGrid:None EditorOnly:0 RuntimeOnly:0 HLODRelevant:1
 |   |   |- [+] [ 34]
 |   |   |   |- Guid:1A69945F4739A0E26D5276A0B468A09C BaseClass: NativeClass:/Script/Engine.StaticMeshActor Name:StaticMeshActor_UAID_18C04D3810CB676A01_1699026243 Label:Cylinder9 SpatiallyLoaded:1 Bounds:IsValid=true, Min=(X=300.000 Y=4960.000 Z=2270.000), Max=(X=600.000 Y=5260.000 Z=2570.000) RuntimeGrid:None EditorOnly:0 RuntimeOnly:0 HLODRelevant:1
 |   |   |- [+] [ 35]
 |   |   |   |- Guid:4354BE3C4634A25F201EBDB300CF2737 BaseClass: NativeClass:/Script/Engine.StaticMeshActor Name:StaticMeshActor_UAID_18C04D3810CB676A01_1381383232 Label:Cube8 SpatiallyLoaded:1 Bounds:IsValid=true, Min=(X=-1013.199 Y=2472.557 Z=2340.000), Max=(X=-726.801 Y=3147.443 Z=2440.000) RuntimeGrid:None EditorOnly:0 RuntimeOnly:0 HLODRelevant:1
 |   |   |- [+] [ 36]
 |   |   |   |- Guid:2EF10F02421D429325169990711ECA15 BaseClass: NativeClass:/Script/Engine.StaticMeshActor Name:StaticMeshActor_UAID_18C04D3810CB676A01_1709314245 Label:Cylinder11 SpatiallyLoaded:1 Bounds:IsValid=true, Min=(X=-2180.000 Y=-2180.000 Z=2270.000), Max=(X=-1880.000 Y=-1880.000 Z=2570.000) RuntimeGrid:None EditorOnly:0 RuntimeOnly:0 HLODRelevant:1
 |   |   |- [+] [ 37]
 |   |   |   |- Guid:B302359845546E087418B893A5BC7F93 BaseClass: NativeClass:/Script/Engine.StaticMeshActor Name:StaticMeshActor_UAID_18C04D3810CB676A01_1541781238 Label:Cylinder4 SpatiallyLoaded:1 Bounds:IsValid=true, Min=(X=-5322.575 Y=1356.181 Z=2023.333), Max=(X=-2433.169 Y=4135.780 Z=2396.667) RuntimeGrid:None EditorOnly:0 RuntimeOnly:0 HLODRelevant:1
 |- ContainerInstances:
 |- [+] MainContainer:
 |   |-        ID: 0x0000000000000000
 |   |-    Bounds: IsValid=false, Min=(X=0.000 Y=0.000 Z=0.000), Max=(X=0.000 Y=0.000 Z=0.000)
 |   |- Transform: 0.000000,0.000000,0.000000|0.000000,0.000000,-0.000000|1.000000,1.000000,1.000000
 |   |- Container: /Game/LevelPrototyping/White_Room
----------------------------------------------------------------------------------------------------------------
White_Room - Persistent Level
----------------------------------------------------------------------------------------------------------------
Always loaded Actor Count: 45 

----------------------------------------------------------------------------------------------------------------
White_Room - Runtime Spatial Hash - Streaming Grid - MainGrid
----------------------------------------------------------------------------------------------------------------
            Origin: X=0.000 Y=0.000 Z=0.000
         Cell Size: 12800
      World Bounds: IsValid=false, Min=(X=0.000 Y=0.000 Z=0.000), Max=(X=0.000 Y=0.000 Z=0.000)
     Loading Range: 25600.00
Block Slow Loading: No
 ClientOnlyVisible: No

[+] Grid Levels: 1
 |- Level  0: Cell Count    0 | Cell Size   12800 | Actor Count    0 (0.0%)

[+] Content of Grid Level 0

